[debug] [2023-12-09T03:26:25.979Z] ----------------------------------------------------------------------
[debug] [2023-12-09T03:26:25.981Z] Command:       /Users/jack/.nvm/versions/node/v16.16.0/bin/node /Users/jack/.nvm/versions/node/v16.16.0/bin/firebase emulators:start --only functions
[debug] [2023-12-09T03:26:25.981Z] CLI Version:   11.19.0
[debug] [2023-12-09T03:26:25.982Z] Platform:      darwin
[debug] [2023-12-09T03:26:25.982Z] Node Version:  v16.16.0
[debug] [2023-12-09T03:26:25.983Z] Time:          Sat Dec 09 2023 10:26:25 GMT+0700 (Indochina Time)
[debug] [2023-12-09T03:26:25.983Z] ----------------------------------------------------------------------
[debug] 
[debug] [2023-12-09T03:26:26.056Z] > command requires scopes: ["email","openid","https://www.googleapis.com/auth/cloudplatformprojects.readonly","https://www.googleapis.com/auth/firebase","https://www.googleapis.com/auth/cloud-platform"]
[debug] [2023-12-09T03:26:26.056Z] > authorizing via signed-in user (jack.nguyen@weareday.one)
[info] i  emulators: Starting emulators: functions {"metadata":{"emulator":{"name":"hub"},"message":"Starting emulators: functions"}}
[debug] [2023-12-09T03:26:26.522Z] [logging] Logging Emulator only supports listening on one address (127.0.0.1). Not listening on ::1
[debug] [2023-12-09T03:26:26.524Z] assigned listening specs for emulators {"user":{"hub":[{"address":"127.0.0.1","family":"IPv4","port":4400},{"address":"::1","family":"IPv6","port":4400}],"ui":[{"address":"127.0.0.1","family":"IPv4","port":4000},{"address":"::1","family":"IPv6","port":4000}],"logging":[{"address":"127.0.0.1","family":"IPv4","port":4500}]},"metadata":{"message":"assigned listening specs for emulators"}}
[debug] [2023-12-09T03:26:26.532Z] [hub] writing locator at /var/folders/m2/22fphpx56_7dq968pd9pdm2r0000gn/T/hub-hungdevjs-warm.json
[debug] [2023-12-09T03:26:26.882Z] [functions] Functions Emulator only supports listening on one address (127.0.0.1). Not listening on ::1
[debug] [2023-12-09T03:26:26.883Z] [eventarc] Eventarc Emulator only supports listening on one address (127.0.0.1). Not listening on ::1
[debug] [2023-12-09T03:26:26.884Z] late-assigned ports for functions and eventarc emulators {"user":{"hub":[{"address":"127.0.0.1","family":"IPv4","port":4400},{"address":"::1","family":"IPv6","port":4400}],"ui":[{"address":"127.0.0.1","family":"IPv4","port":4000},{"address":"::1","family":"IPv6","port":4000}],"logging":[{"address":"127.0.0.1","family":"IPv4","port":4500}],"functions":[{"address":"127.0.0.1","family":"IPv4","port":5001}],"eventarc":[{"address":"127.0.0.1","family":"IPv4","port":9299}]},"metadata":{"message":"late-assigned ports for functions and eventarc emulators"}}
[warn] ⚠  functions: The following emulators are not running, calls to these services from the Functions emulator will affect production: auth, firestore, database, hosting, pubsub, storage {"metadata":{"emulator":{"name":"functions"},"message":"The following emulators are not running, calls to these services from the Functions emulator will affect production: \u001b[1mauth, firestore, database, hosting, pubsub, storage\u001b[22m"}}
[info] ✔  functions: Using node@16 from host. {"metadata":{"emulator":{"name":"functions"},"message":"Using node@16 from host."}}
[debug] [2023-12-09T03:26:26.900Z] defaultcredentials: writing to file /Users/jack/.config/firebase/jack_nguyen_weareday.one_application_default_credentials.json
[debug] [2023-12-09T03:26:26.906Z] Setting GAC to /Users/jack/.config/firebase/jack_nguyen_weareday.one_application_default_credentials.json {"metadata":{"emulator":{"name":"functions"},"message":"Setting GAC to /Users/jack/.config/firebase/jack_nguyen_weareday.one_application_default_credentials.json"}}
[debug] [2023-12-09T03:26:26.907Z] > refreshing access token with scopes: []
[debug] [2023-12-09T03:26:26.909Z] >>> [apiv2][query] POST https://www.googleapis.com/oauth2/v3/token [none]
[debug] [2023-12-09T03:26:26.909Z] >>> [apiv2][body] POST https://www.googleapis.com/oauth2/v3/token [omitted]
[debug] [2023-12-09T03:26:27.238Z] <<< [apiv2][status] POST https://www.googleapis.com/oauth2/v3/token 200
[debug] [2023-12-09T03:26:27.238Z] <<< [apiv2][body] POST https://www.googleapis.com/oauth2/v3/token [omitted]
[debug] [2023-12-09T03:26:27.280Z] >>> [apiv2][query] GET https://firebase.googleapis.com/v1beta1/projects/hungdevjs-warm/adminSdkConfig [none]
[debug] [2023-12-09T03:26:27.769Z] <<< [apiv2][status] GET https://firebase.googleapis.com/v1beta1/projects/hungdevjs-warm/adminSdkConfig 200
[debug] [2023-12-09T03:26:27.770Z] <<< [apiv2][body] GET https://firebase.googleapis.com/v1beta1/projects/hungdevjs-warm/adminSdkConfig {"projectId":"hungdevjs-warm","storageBucket":"hungdevjs-warm.appspot.com","locationId":"asia-southeast1"}
[debug] [2023-12-09T03:26:27.809Z] Ignoring unsupported arg: auto_download {"metadata":{"emulator":{"name":"ui"},"message":"Ignoring unsupported arg: auto_download"}}
[debug] [2023-12-09T03:26:27.809Z] Ignoring unsupported arg: port {"metadata":{"emulator":{"name":"ui"},"message":"Ignoring unsupported arg: port"}}
[debug] [2023-12-09T03:26:27.809Z] Starting Emulator UI with command {"binary":"node","args":["/Users/jack/.cache/firebase/emulators/ui-v1.11.1/server/server.js"],"optionalArgs":[],"joinArgs":false} {"metadata":{"emulator":{"name":"ui"},"message":"Starting Emulator UI with command {\"binary\":\"node\",\"args\":[\"/Users/jack/.cache/firebase/emulators/ui-v1.11.1/server/server.js\"],\"optionalArgs\":[],\"joinArgs\":false}"}}
[info] i  ui: Emulator UI logging to ui-debug.log {"metadata":{"emulator":{"name":"ui"},"message":"Emulator UI logging to \u001b[1mui-debug.log\u001b[22m"}}
[debug] [2023-12-09T03:26:27.937Z] Web / API server started at 127.0.0.1:4000
 {"metadata":{"emulator":{"name":"ui"},"message":"Web / API server started at 127.0.0.1:4000\n"}}
[debug] [2023-12-09T03:26:27.938Z] Web / API server started at ::1:4000
 {"metadata":{"emulator":{"name":"ui"},"message":"Web / API server started at ::1:4000\n"}}
[info] i  functions: Watching "/Users/jack/Documents/personal-repos/warm/app/functions" for Cloud Functions... {"metadata":{"emulator":{"name":"functions"},"message":"Watching \"/Users/jack/Documents/personal-repos/warm/app/functions\" for Cloud Functions..."}}
[debug] [2023-12-09T03:26:28.081Z] Validating nodejs source
[warn] ⚠  functions: package.json indicates an outdated version of firebase-functions. Please upgrade using npm install --save firebase-functions@latest in your functions directory. 
[warn] ⚠  functions: Please note that there will be breaking changes when you upgrade. 
[debug] [2023-12-09T03:26:29.415Z] > [functions] package.json contents: {
  "name": "functions",
  "description": "Cloud Functions for Firebase",
  "scripts": {
    "serve": "firebase emulators:start --only functions",
    "shell": "firebase functions:shell",
    "start": "npm run shell",
    "deploy": "firebase deploy --only functions",
    "logs": "firebase functions:log"
  },
  "engines": {
    "node": "16"
  },
  "main": "index.js",
  "dependencies": {
    "@faker-js/faker": "^8.3.1",
    "firebase-admin": "^10.0.2",
    "firebase-functions": "^3.18.0"
  },
  "devDependencies": {
    "firebase-functions-test": "^0.2.0"
  },
  "private": true
}
[debug] [2023-12-09T03:26:29.415Z] Building nodejs source
[debug] [2023-12-09T03:26:29.418Z] Could not find functions.yaml. Must use http discovery
[debug] [2023-12-09T03:26:29.640Z] Serving at port 9005

[debug] [2023-12-09T03:26:32.284Z] Got response from /__/functions.yaml {"endpoints":{"onAuthUserCreated":{"platform":"gcfv1","eventTrigger":{"eventType":"providers/firebase.auth/eventTypes/user.create","eventFilters":{"resource":"projects/hungdevjs-warm"},"retry":false},"labels":{},"entryPoint":"onAuthUserCreated"},"sendProposal":{"platform":"gcfv1","labels":{},"callableTrigger":{},"entryPoint":"sendProposal"}},"specVersion":"v1alpha1","requiredAPIs":[]}
[debug] [2023-12-09T03:26:32.291Z] shutdown requested via /__/quitquitquit

[info] ✔  functions: Loaded functions definitions from source: onAuthUserCreated, sendProposal. {"metadata":{"emulator":{"name":"functions"},"message":"Loaded functions definitions from source: onAuthUserCreated, sendProposal."}}
[debug] [2023-12-09T03:26:32.311Z] addAuthTrigger {"eventTrigger":{"eventType":"providers/firebase.auth/eventTypes/user.create","resource":"projects/hungdevjs-warm"}}
[info] ✔  functions[us-central1-onAuthUserCreated]: auth function initialized. {"metadata":{"emulator":{"name":"functions"},"message":"\u001b[1mauth\u001b[22m function initialized."}}
[info] ✔  functions[us-central1-sendProposal]: http function initialized (http://127.0.0.1:5001/hungdevjs-warm/us-central1/sendProposal). {"metadata":{"emulator":{"name":"functions"},"message":"\u001b[1mhttp\u001b[22m function initialized (http://127.0.0.1:5001/hungdevjs-warm/us-central1/sendProposal)."}}
[info] 
┌─────────────────────────────────────────────────────────────┐
│ ✔  All emulators ready! It is now safe to connect your app. │
│ i  View Emulator UI at http://127.0.0.1:4000/               │
└─────────────────────────────────────────────────────────────┘

┌───────────┬────────────────┬─────────────────────────────────┐
│ Emulator  │ Host:Port      │ View in Emulator UI             │
├───────────┼────────────────┼─────────────────────────────────┤
│ Functions │ 127.0.0.1:5001 │ http://127.0.0.1:4000/functions │
└───────────┴────────────────┴─────────────────────────────────┘
  Emulator Hub running at 127.0.0.1:4400
  Other reserved ports: 4500

Issues? Report them at https://github.com/firebase/firebase-tools/issues and attach the *-debug.log files.
 
[debug] [2023-12-09T03:28:40.016Z] File /Users/jack/Documents/personal-repos/warm/app/functions/callables/users.js changed, reloading triggers {"metadata":{"emulator":{"name":"functions"},"message":"File /Users/jack/Documents/personal-repos/warm/app/functions/callables/users.js changed, reloading triggers"}}
[debug] [2023-12-09T03:28:40.117Z] File /Users/jack/Documents/personal-repos/warm/app/functions/callables/users.js changed, reloading triggers {"metadata":{"emulator":{"name":"functions"},"message":"File /Users/jack/Documents/personal-repos/warm/app/functions/callables/users.js changed, reloading triggers"}}
[debug] [2023-12-09T03:28:40.217Z] File /Users/jack/Documents/personal-repos/warm/app/functions/callables/users.js changed, reloading triggers {"metadata":{"emulator":{"name":"functions"},"message":"File /Users/jack/Documents/personal-repos/warm/app/functions/callables/users.js changed, reloading triggers"}}
[debug] [2023-12-09T03:28:40.318Z] File /Users/jack/Documents/personal-repos/warm/app/functions/callables/users.js changed, reloading triggers {"metadata":{"emulator":{"name":"functions"},"message":"File /Users/jack/Documents/personal-repos/warm/app/functions/callables/users.js changed, reloading triggers"}}
[debug] [2023-12-09T03:28:40.418Z] File /Users/jack/Documents/personal-repos/warm/app/functions/callables/users.js changed, reloading triggers {"metadata":{"emulator":{"name":"functions"},"message":"File /Users/jack/Documents/personal-repos/warm/app/functions/callables/users.js changed, reloading triggers"}}
[debug] [2023-12-09T03:28:41.419Z] Validating nodejs source
[warn] ⚠  functions: package.json indicates an outdated version of firebase-functions. Please upgrade using npm install --save firebase-functions@latest in your functions directory. 
[warn] ⚠  functions: Please note that there will be breaking changes when you upgrade. 
[debug] [2023-12-09T03:28:42.315Z] > [functions] package.json contents: {
  "name": "functions",
  "description": "Cloud Functions for Firebase",
  "scripts": {
    "serve": "firebase emulators:start --only functions",
    "shell": "firebase functions:shell",
    "start": "npm run shell",
    "deploy": "firebase deploy --only functions",
    "logs": "firebase functions:log"
  },
  "engines": {
    "node": "16"
  },
  "main": "index.js",
  "dependencies": {
    "@faker-js/faker": "^8.3.1",
    "firebase-admin": "^10.0.2",
    "firebase-functions": "^3.18.0"
  },
  "devDependencies": {
    "firebase-functions-test": "^0.2.0"
  },
  "private": true
}
[debug] [2023-12-09T03:28:42.315Z] Building nodejs source
[debug] [2023-12-09T03:28:42.316Z] Could not find functions.yaml. Must use http discovery
[debug] [2023-12-09T03:28:42.459Z] Serving at port 9005

[debug] [2023-12-09T03:28:43.714Z] Got response from /__/functions.yaml {"endpoints":{"onAuthUserCreated":{"platform":"gcfv1","eventTrigger":{"eventType":"providers/firebase.auth/eventTypes/user.create","eventFilters":{"resource":"projects/hungdevjs-warm"},"retry":false},"labels":{},"entryPoint":"onAuthUserCreated"},"sendProposal":{"platform":"gcfv1","labels":{},"callableTrigger":{},"entryPoint":"sendProposal"}},"specVersion":"v1alpha1","requiredAPIs":[]}
[debug] [2023-12-09T03:28:43.718Z] shutdown requested via /__/quitquitquit

[info] ✔  functions: Loaded functions definitions from source: onAuthUserCreated, sendProposal. {"metadata":{"emulator":{"name":"functions"},"message":"Loaded functions definitions from source: onAuthUserCreated, sendProposal."}}
[debug] [2023-12-09T03:32:08.612Z] [work-queue] {"queuedWork":["/hungdevjs-warm/us-central1/sendProposal-2023-12-09T03:32:08.612Z"],"queueLength":1,"runningWork":[],"workRunningCount":0}
[debug] [2023-12-09T03:32:08.613Z] [work-queue] {"queuedWork":[],"queueLength":0,"runningWork":["/hungdevjs-warm/us-central1/sendProposal-2023-12-09T03:32:08.612Z"],"workRunningCount":1}
[debug] [2023-12-09T03:32:08.613Z] Accepted request OPTIONS /hungdevjs-warm/us-central1/sendProposal --> us-central1-sendProposal
[debug] [2023-12-09T03:32:08.618Z] [functions] Runtime ready! Sending request! {"metadata":{"emulator":{"name":"functions"},"message":"[functions] Runtime ready! Sending request!"}}
[debug] [2023-12-09T03:32:08.619Z] [functions] Got req.url=/hungdevjs-warm/us-central1/sendProposal, mapping to path=/ {"metadata":{"emulator":{"name":"functions"},"message":"[functions] Got req.url=/hungdevjs-warm/us-central1/sendProposal, mapping to path=/"}}
[debug] [2023-12-09T03:32:08.629Z] [worker-pool] addWorker(us-central1-sendProposal) {"metadata":{"emulator":{"name":"functions"},"message":"[worker-pool] addWorker(us-central1-sendProposal)"}}
[debug] [2023-12-09T03:32:08.630Z] [worker-pool] Adding worker with key us-central1-sendProposal, total=1 {"metadata":{"emulator":{"name":"functions"},"message":"[worker-pool] Adding worker with key us-central1-sendProposal, total=1"}}
[debug] [2023-12-09T03:32:10.382Z] [runtime-status] [57752] Resolved module firebase-admin {"declared":true,"installed":true,"version":"10.3.0","resolution":"/Users/jack/Documents/personal-repos/warm/app/functions/node_modules/firebase-admin/lib/index.js"} {"metadata":{"emulator":{"name":"functions"},"function":{"name":"us-central1-sendProposal"},"extension":{},"message":"[runtime-status] [57752] Resolved module firebase-admin {\"declared\":true,\"installed\":true,\"version\":\"10.3.0\",\"resolution\":\"/Users/jack/Documents/personal-repos/warm/app/functions/node_modules/firebase-admin/lib/index.js\"}"}}
[debug] [2023-12-09T03:32:10.383Z] [runtime-status] [57752] Resolved module firebase-functions {"declared":true,"installed":true,"version":"3.24.1","resolution":"/Users/jack/Documents/personal-repos/warm/app/functions/node_modules/firebase-functions/lib/index.js"} {"metadata":{"emulator":{"name":"functions"},"function":{"name":"us-central1-sendProposal"},"extension":{},"message":"[runtime-status] [57752] Resolved module firebase-functions {\"declared\":true,\"installed\":true,\"version\":\"3.24.1\",\"resolution\":\"/Users/jack/Documents/personal-repos/warm/app/functions/node_modules/firebase-functions/lib/index.js\"}"}}
[debug] [2023-12-09T03:32:10.383Z] [runtime-status] [57752] Outgoing network have been stubbed. [{"name":"http","status":"mocked"},{"name":"http","status":"mocked"},{"name":"https","status":"mocked"},{"name":"https","status":"mocked"},{"name":"net","status":"mocked"}] {"metadata":{"emulator":{"name":"functions"},"function":{"name":"us-central1-sendProposal"},"extension":{},"message":"[runtime-status] [57752] Outgoing network have been stubbed. [{\"name\":\"http\",\"status\":\"mocked\"},{\"name\":\"http\",\"status\":\"mocked\"},{\"name\":\"https\",\"status\":\"mocked\"},{\"name\":\"https\",\"status\":\"mocked\"},{\"name\":\"net\",\"status\":\"mocked\"}]"}}
[debug] [2023-12-09T03:32:10.384Z] [runtime-status] [57752] Resolved module firebase-functions {"declared":true,"installed":true,"version":"3.24.1","resolution":"/Users/jack/Documents/personal-repos/warm/app/functions/node_modules/firebase-functions/lib/index.js"} {"metadata":{"emulator":{"name":"functions"},"function":{"name":"us-central1-sendProposal"},"extension":{},"message":"[runtime-status] [57752] Resolved module firebase-functions {\"declared\":true,\"installed\":true,\"version\":\"3.24.1\",\"resolution\":\"/Users/jack/Documents/personal-repos/warm/app/functions/node_modules/firebase-functions/lib/index.js\"}"}}
[debug] [2023-12-09T03:32:10.459Z] [runtime-status] [57752] Checked functions.config() {"config":{}} {"metadata":{"emulator":{"name":"functions"},"function":{"name":"us-central1-sendProposal"},"extension":{},"message":"[runtime-status] [57752] Checked functions.config() {\"config\":{}}"}}
[debug] [2023-12-09T03:32:10.459Z] [runtime-status] [57752] firebase-functions has been stubbed. {"functionsResolution":{"declared":true,"installed":true,"version":"3.24.1","resolution":"/Users/jack/Documents/personal-repos/warm/app/functions/node_modules/firebase-functions/lib/index.js"}} {"metadata":{"emulator":{"name":"functions"},"function":{"name":"us-central1-sendProposal"},"extension":{},"message":"[runtime-status] [57752] firebase-functions has been stubbed. {\"functionsResolution\":{\"declared\":true,\"installed\":true,\"version\":\"3.24.1\",\"resolution\":\"/Users/jack/Documents/personal-repos/warm/app/functions/node_modules/firebase-functions/lib/index.js\"}}"}}
[debug] [2023-12-09T03:32:10.460Z] [runtime-status] [57752] Resolved module firebase-functions {"declared":true,"installed":true,"version":"3.24.1","resolution":"/Users/jack/Documents/personal-repos/warm/app/functions/node_modules/firebase-functions/lib/index.js"} {"metadata":{"emulator":{"name":"functions"},"function":{"name":"us-central1-sendProposal"},"extension":{},"message":"[runtime-status] [57752] Resolved module firebase-functions {\"declared\":true,\"installed\":true,\"version\":\"3.24.1\",\"resolution\":\"/Users/jack/Documents/personal-repos/warm/app/functions/node_modules/firebase-functions/lib/index.js\"}"}}
[debug] [2023-12-09T03:32:10.461Z] [runtime-status] [57752] Resolved module firebase-admin {"declared":true,"installed":true,"version":"10.3.0","resolution":"/Users/jack/Documents/personal-repos/warm/app/functions/node_modules/firebase-admin/lib/index.js"} {"metadata":{"emulator":{"name":"functions"},"function":{"name":"us-central1-sendProposal"},"extension":{},"message":"[runtime-status] [57752] Resolved module firebase-admin {\"declared\":true,\"installed\":true,\"version\":\"10.3.0\",\"resolution\":\"/Users/jack/Documents/personal-repos/warm/app/functions/node_modules/firebase-admin/lib/index.js\"}"}}
[debug] [2023-12-09T03:32:10.461Z] [runtime-status] [57752] Resolved module firebase-functions {"declared":true,"installed":true,"version":"3.24.1","resolution":"/Users/jack/Documents/personal-repos/warm/app/functions/node_modules/firebase-functions/lib/index.js"} {"metadata":{"emulator":{"name":"functions"},"function":{"name":"us-central1-sendProposal"},"extension":{},"message":"[runtime-status] [57752] Resolved module firebase-functions {\"declared\":true,\"installed\":true,\"version\":\"3.24.1\",\"resolution\":\"/Users/jack/Documents/personal-repos/warm/app/functions/node_modules/firebase-functions/lib/index.js\"}"}}
[debug] [2023-12-09T03:32:10.462Z] [runtime-status] [57752] firebase-admin has been stubbed. {"adminResolution":{"declared":true,"installed":true,"version":"10.3.0","resolution":"/Users/jack/Documents/personal-repos/warm/app/functions/node_modules/firebase-admin/lib/index.js"}} {"metadata":{"emulator":{"name":"functions"},"function":{"name":"us-central1-sendProposal"},"extension":{},"message":"[runtime-status] [57752] firebase-admin has been stubbed. {\"adminResolution\":{\"declared\":true,\"installed\":true,\"version\":\"10.3.0\",\"resolution\":\"/Users/jack/Documents/personal-repos/warm/app/functions/node_modules/firebase-admin/lib/index.js\"}}"}}
[debug] [2023-12-09T03:32:13.278Z] [runtime-status] [57752] initializeApp(DEFAULT) {"storageBucket":"hungdevjs-warm.appspot.com","projectId":"hungdevjs-warm"} {"metadata":{"emulator":{"name":"functions"},"function":{"name":"us-central1-sendProposal"},"extension":{},"message":"[runtime-status] [57752] initializeApp(DEFAULT) {\"storageBucket\":\"hungdevjs-warm.appspot.com\",\"projectId\":\"hungdevjs-warm\"}"}}
[debug] [2023-12-09T03:32:13.283Z] [runtime-status] [57752] Functions runtime initialized. {"cwd":"/Users/jack/Documents/personal-repos/warm/app/functions","node_version":"16.16.0"} {"metadata":{"emulator":{"name":"functions"},"function":{"name":"us-central1-sendProposal"},"extension":{},"message":"[runtime-status] [57752] Functions runtime initialized. {\"cwd\":\"/Users/jack/Documents/personal-repos/warm/app/functions\",\"node_version\":\"16.16.0\"}"}}
[debug] [2023-12-09T03:32:13.284Z] [runtime-status] [57752] Listening to port: /var/folders/m2/22fphpx56_7dq968pd9pdm2r0000gn/T/fire_emu_7e3558a54f2851c9.sock {"metadata":{"emulator":{"name":"functions"},"function":{"name":"us-central1-sendProposal"},"extension":{},"message":"[runtime-status] [57752] Listening to port: /var/folders/m2/22fphpx56_7dq968pd9pdm2r0000gn/T/fire_emu_7e3558a54f2851c9.sock"}}
[debug] [2023-12-09T03:32:13.299Z] [worker-us-central1-sendProposal-54e1011a-2b4c-41ed-a825-b26ebfb01df1]: IDLE {"metadata":{"emulator":{"name":"functions"},"message":"[worker-us-central1-sendProposal-54e1011a-2b4c-41ed-a825-b26ebfb01df1]: IDLE"}}
[debug] [2023-12-09T03:32:13.300Z] [worker-pool] submitRequest(triggerId=us-central1-sendProposal) {"metadata":{"emulator":{"name":"functions"},"message":"[worker-pool] submitRequest(triggerId=us-central1-sendProposal)"}}
[debug] [2023-12-09T03:32:13.300Z] [worker-us-central1-sendProposal-54e1011a-2b4c-41ed-a825-b26ebfb01df1]: BUSY {"metadata":{"emulator":{"name":"functions"},"message":"[worker-us-central1-sendProposal-54e1011a-2b4c-41ed-a825-b26ebfb01df1]: BUSY"}}
[info] i  functions: Beginning execution of "sendProposal" {"metadata":{"emulator":{"name":"functions"},"function":{"name":"us-central1-sendProposal"},"extension":{},"message":"Beginning execution of \"sendProposal\""}}
[debug] [2023-12-09T03:32:13.305Z] [worker-us-central1-sendProposal-54e1011a-2b4c-41ed-a825-b26ebfb01df1]: IDLE {"metadata":{"emulator":{"name":"functions"},"message":"[worker-us-central1-sendProposal-54e1011a-2b4c-41ed-a825-b26ebfb01df1]: IDLE"}}
[debug] [2023-12-09T03:32:13.305Z] [work-queue] {"queuedWork":[],"queueLength":0,"runningWork":[],"workRunningCount":0}
[info] i  functions: Finished "sendProposal" in 1.386132ms {"metadata":{"emulator":{"name":"functions"},"function":{"name":"us-central1-sendProposal"},"extension":{},"message":"Finished \"sendProposal\" in 1.386132ms"}}
[debug] [2023-12-09T03:32:13.307Z] [work-queue] {"queuedWork":["/hungdevjs-warm/us-central1/sendProposal-2023-12-09T03:32:13.307Z"],"queueLength":1,"runningWork":[],"workRunningCount":0}
[debug] [2023-12-09T03:32:13.308Z] [work-queue] {"queuedWork":[],"queueLength":0,"runningWork":["/hungdevjs-warm/us-central1/sendProposal-2023-12-09T03:32:13.307Z"],"workRunningCount":1}
[debug] [2023-12-09T03:32:13.309Z] Accepted request POST /hungdevjs-warm/us-central1/sendProposal --> us-central1-sendProposal
[debug] [2023-12-09T03:32:13.309Z] ID Token: eyJhbGciOiJSUzI1NiIsImtpZCI6IjNhM2JkODk4ZGE1MGE4OWViOWUxY2YwYjdhN2VmZTM1OTNkNDEwNjgiLCJ0eXAiOiJKV1QifQ.eyJuYW1lIjoiSHXMm25nIE5ndXllzILMg24gVmllzKPMgnQiLCJwaWN0dXJlIjoiaHR0cHM6Ly9saDMuZ29vZ2xldXNlcmNvbnRlbnQuY29tL2EvQUNnOG9jSkpPaWZmaUI3TzFOa0dNcVJ1MUhSUG1sZ3hJUzhkRzVHTWtPZWFydThpcUE9czk2LWMiLCJpc3MiOiJodHRwczovL3NlY3VyZXRva2VuLmdvb2dsZS5jb20vaHVuZ2RldmpzLXdhcm0iLCJhdWQiOiJodW5nZGV2anMtd2FybSIsImF1dGhfdGltZSI6MTcwMjA5MTAxNiwidXNlcl9pZCI6IlFaWW9iam5RR0dZdllLS3FWRWZoUXBVYURFeTEiLCJzdWIiOiJRWllvYmpuUUdHWXZZS0txVkVmaFFwVWFERXkxIiwiaWF0IjoxNzAyMDkxMDE2LCJleHAiOjE3MDIwOTQ2MTYsImVtYWlsIjoiamFjay5uZ3V5ZW5Ad2VhcmVkYXkub25lIiwiZW1haWxfdmVyaWZpZWQiOnRydWUsImZpcmViYXNlIjp7ImlkZW50aXRpZXMiOnsiZ29vZ2xlLmNvbSI6WyIxMTU4MjI1MzkxMDMzODU3Mzk0NDAiXSwiZW1haWwiOlsiamFjay5uZ3V5ZW5Ad2VhcmVkYXkub25lIl19LCJzaWduX2luX3Byb3ZpZGVyIjoiZ29vZ2xlLmNvbSJ9fQ.Tag8i0OBhxl75Js-TtFiaubwHcytgJ9Im0mYHC8rHOmCRGjbCBml7FJgLcFa4ZNDuhCiGgloE5fRd-4eL9S3fWG78xK4_qmqABbhC8ydy4pjVMEnPij2NEv-qB20iOww74q0hGLcGmzFm-VQ04tNk9wybil0azbzrR8BmtqXJ8tgoc5uNmlqTT_AYjUk0a6zgFEuZ2kCzYYbVP98y8K0YjyDBm4zK64jQq8D3-aI0J0hhsOewRRuHuaZcI4lYplZsx7Y0H1OSi-Q1YEI8nqaAZRlIX71WyKRyKjMx6q3MkWtg9ZDSPL3I644JKBl0hz51SJeKyXWJFY5k-nSxrrTXw
[debug] [2023-12-09T03:32:13.313Z] [functions] Runtime ready! Sending request! {"metadata":{"emulator":{"name":"functions"},"message":"[functions] Runtime ready! Sending request!"}}
[debug] [2023-12-09T03:32:13.313Z] [functions] Got req.url=/hungdevjs-warm/us-central1/sendProposal, mapping to path=/ {"metadata":{"emulator":{"name":"functions"},"message":"[functions] Got req.url=/hungdevjs-warm/us-central1/sendProposal, mapping to path=/"}}
[debug] [2023-12-09T03:32:13.313Z] [worker-pool] submitRequest(triggerId=us-central1-sendProposal) {"metadata":{"emulator":{"name":"functions"},"message":"[worker-pool] submitRequest(triggerId=us-central1-sendProposal)"}}
[debug] [2023-12-09T03:32:13.313Z] [worker-us-central1-sendProposal-54e1011a-2b4c-41ed-a825-b26ebfb01df1]: BUSY {"metadata":{"emulator":{"name":"functions"},"message":"[worker-us-central1-sendProposal-54e1011a-2b4c-41ed-a825-b26ebfb01df1]: BUSY"}}
[info] i  functions: Beginning execution of "sendProposal" {"metadata":{"emulator":{"name":"functions"},"function":{"name":"us-central1-sendProposal"},"extension":{},"message":"Beginning execution of \"sendProposal\""}}
[info] >  {"verifications":{"app":"MISSING","auth":"MISSING"},"logging.googleapis.com/labels":{"firebase-log-type":"callable-request-verification"},"severity":"INFO","message":"Callable request verification passed"} {"user":{"verifications":{"app":"MISSING","auth":"MISSING"},"logging.googleapis.com/labels":{"firebase-log-type":"callable-request-verification"},"severity":"INFO","message":"Callable request verification passed"},"metadata":{"emulator":{"name":"functions"},"function":{"name":"us-central1-sendProposal"},"extension":{},"message":"\u001b[90m> \u001b[39m {\"verifications\":{\"app\":\"MISSING\",\"auth\":\"MISSING\"},\"logging.googleapis.com/labels\":{\"firebase-log-type\":\"callable-request-verification\"},\"severity\":\"INFO\",\"message\":\"Callable request verification passed\"}"}}
[debug] [2023-12-09T03:32:13.330Z] [runtime-status] [57752] Callable functions auth override {"key":"x-callable-context-auth","value":"%7B%22uid%22%3A%22QZYobjnQGGYvYKKqVEfhQpUaDEy1%22%2C%22token%22%3A%7B%22name%22%3A%22Hu%CC%9Bng%20Nguye%CC%82%CC%83n%20Vie%CC%A3%CC%82t%22%2C%22picture%22%3A%22https%3A%2F%2Flh3.googleusercontent.com%2Fa%2FACg8ocJJOiffiB7O1NkGMqRu1HRPmlgxIS8dG5GMkOearu8iqA%3Ds96-c%22%2C%22iss%22%3A%22https%3A%2F%2Fsecuretoken.google.com%2Fhungdevjs-warm%22%2C%22aud%22%3A%22hungdevjs-warm%22%2C%22auth_time%22%3A1702091016%2C%22user_id%22%3A%22QZYobjnQGGYvYKKqVEfhQpUaDEy1%22%2C%22sub%22%3A%22QZYobjnQGGYvYKKqVEfhQpUaDEy1%22%2C%22iat%22%3A1702091016%2C%22exp%22%3A1702094616%2C%22email%22%3A%22jack.nguyen%40weareday.one%22%2C%22email_verified%22%3Atrue%2C%22firebase%22%3A%7B%22identities%22%3A%7B%22google.com%22%3A%5B%22115822539103385739440%22%5D%2C%22email%22%3A%5B%22jack.nguyen%40weareday.one%22%5D%7D%2C%22sign_in_provider%22%3A%22google.com%22%7D%2C%22uid%22%3A%22QZYobjnQGGYvYKKqVEfhQpUaDEy1%22%7D%7D"} {"metadata":{"emulator":{"name":"functions"},"function":{"name":"us-central1-sendProposal"},"extension":{},"message":"[runtime-status] [57752] Callable functions auth override {\"key\":\"x-callable-context-auth\",\"value\":\"%7B%22uid%22%3A%22QZYobjnQGGYvYKKqVEfhQpUaDEy1%22%2C%22token%22%3A%7B%22name%22%3A%22Hu%CC%9Bng%20Nguye%CC%82%CC%83n%20Vie%CC%A3%CC%82t%22%2C%22picture%22%3A%22https%3A%2F%2Flh3.googleusercontent.com%2Fa%2FACg8ocJJOiffiB7O1NkGMqRu1HRPmlgxIS8dG5GMkOearu8iqA%3Ds96-c%22%2C%22iss%22%3A%22https%3A%2F%2Fsecuretoken.google.com%2Fhungdevjs-warm%22%2C%22aud%22%3A%22hungdevjs-warm%22%2C%22auth_time%22%3A1702091016%2C%22user_id%22%3A%22QZYobjnQGGYvYKKqVEfhQpUaDEy1%22%2C%22sub%22%3A%22QZYobjnQGGYvYKKqVEfhQpUaDEy1%22%2C%22iat%22%3A1702091016%2C%22exp%22%3A1702094616%2C%22email%22%3A%22jack.nguyen%40weareday.one%22%2C%22email_verified%22%3Atrue%2C%22firebase%22%3A%7B%22identities%22%3A%7B%22google.com%22%3A%5B%22115822539103385739440%22%5D%2C%22email%22%3A%5B%22jack.nguyen%40weareday.one%22%5D%7D%2C%22sign_in_provider%22%3A%22google.com%22%7D%2C%22uid%22%3A%22QZYobjnQGGYvYKKqVEfhQpUaDEy1%22%7D%7D\"}"}}
[info] >  Sat, 09 Dec 2023 03:32:13 GMT express deprecated req.host: Use req.hostname instead at node_modules/firebase-functions/lib/logger/index.js:50:30 {"user":"Sat, 09 Dec 2023 03:32:13 GMT express deprecated req.host: Use req.hostname instead at node_modules/firebase-functions/lib/logger/index.js:50:30","metadata":{"emulator":{"name":"functions"},"function":{"name":"us-central1-sendProposal"},"extension":{},"message":"\u001b[90m> \u001b[39m Sat, 09 Dec 2023 03:32:13 GMT express deprecated req.host: Use req.hostname instead at node_modules/firebase-functions/lib/logger/index.js:50:30"}}
[info] >  Sat, 09 Dec 2023 03:32:13 GMT express deprecated req.host: Use req.hostname instead at node_modules/firebase-functions/lib/logger/index.js:54:46 {"user":"Sat, 09 Dec 2023 03:32:13 GMT express deprecated req.host: Use req.hostname instead at node_modules/firebase-functions/lib/logger/index.js:54:46","metadata":{"emulator":{"name":"functions"},"function":{"name":"us-central1-sendProposal"},"extension":{},"message":"\u001b[90m> \u001b[39m Sat, 09 Dec 2023 03:32:13 GMT express deprecated req.host: Use req.hostname instead at node_modules/firebase-functions/lib/logger/index.js:54:46"}}
[warn] ⚠  functions: The Cloud Firestore emulator is not running, so calls to Firestore will affect production. {"metadata":{"emulator":{"name":"functions"},"function":{"name":"us-central1-sendProposal"},"extension":{},"message":"The Cloud Firestore emulator is not running, so calls to Firestore will affect production."}}
[info] >  {"rawRequest":{"_readableState":{"objectMode":false,"highWaterMark":16384,"buffer":{"head":null,"tail":null,"length":0},"length":0,"pipes":[],"flowing":true,"ended":true,"endEmitted":true,"reading":false,"constructed":true,"sync":false,"needReadable":false,"emittedReadable":false,"readableListening":false,"resumeScheduled":false,"errorEmitted":false,"emitClose":true,"autoDestroy":true,"destroyed":true,"errored":null,"closed":true,"closeEmitted":true,"defaultEncoding":"utf8","awaitDrainWriters":null,"multiAwaitDrain":false,"readingMore":false,"dataEmitted":true,"decoder":null,"encoding":null},"_events":{},"_eventsCount":1,"socket":{"connecting":false,"_hadError":false,"_parent":null,"_host":null,"_readableState":{"objectMode":false,"highWaterMark":16384,"buffer":{"head":null,"tail":null,"length":0},"length":0,"pipes":[],"flowing":true,"ended":false,"endEmitted":false,"reading":true,"constructed":true,"sync":false,"needReadable":true,"emittedReadable":false,"readableListening":false,"resumeScheduled":false,"errorEmitted":false,"emitClose":false,"autoDestroy":true,"destroyed":false,"errored":null,"closed":false,"closeEmitted":false,"defaultEncoding":"utf8","awaitDrainWriters":null,"multiAwaitDrain":false,"readingMore":false,"dataEmitted":false,"decoder":null,"encoding":null},"_events":{"end":[null,null],"close":[null,null]},"_eventsCount":8,"_writableState":{"objectMode":false,"highWaterMark":16384,"finalCalled":false,"needDrain":false,"ending":false,"ended":false,"finished":false,"destroyed":false,"decodeStrings":false,"defaultEncoding":"utf8","length":0,"writing":false,"corked":0,"sync":true,"bufferProcessing":false,"writecb":null,"writelen":0,"afterWriteTickInfo":null,"buffered":[],"bufferedIndex":0,"allBuffers":true,"allNoop":true,"pendingcb":0,"constructed":true,"prefinished":false,"errorEmitted":false,"emitClose":false,"autoDestroy":true,"errored":null,"closed":false,"closeEmitted":false},"allowHalfOpen":true,"_sockname":null,"_pendingData":null,"_pendingEncoding":"","server":{"_events":{},"_eventsCount":3,"_connections":1,"_handle":{"writeQueueSize":0,"isStreamBase":true},"_usingWorkers":false,"_workers":[],"_unref":false,"allowHalfOpen":true,"pauseOnConnect":false,"noDelay":false,"keepAlive":false,"keepAliveInitialDelay":0,"httpAllowHalfOpen":false,"timeout":60000,"keepAliveTimeout":5000,"maxHeadersCount":null,"maxRequestsPerSocket":0,"headersTimeout":60000,"requestTimeout":0,"_pipeName":"/var/folders/m2/22fphpx56_7dq968pd9pdm2r0000gn/T/fire_emu_7e3558a54f2851c9.sock","_connectionKey":"-1:/var/folders/m2/22fphpx56_7dq968pd9pdm2r0000gn/T/fire_emu_7e3558a54f2851c9.sock:-1","listening":true},"_server":"[Circular]","timeout":60000,"parser":{"_headers":[],"_url":"","socket":"[Circular]","incoming":"[Circular]","outgoing":null,"maxHeaderPairs":2000,"_consumed":true},"_paused":false,"_httpMessage":{"_events":{"finish":[null,null,null]},"_eventsCount":1,"outputData":[],"outputSize":0,"writable":true,"destroyed":false,"_last":false,"chunkedEncoding":false,"shouldKeepAlive":true,"maxRequestsOnConnectionReached":false,"_defaultKeepAlive":true,"useChunkedEncodingByDefault":true,"sendDate":true,"_removedConnection":false,"_removedContLen":false,"_removedTE":false,"_contentLength":null,"_hasBody":true,"_trailer":"","finished":false,"_headerSent":false,"_closed":false,"socket":"[Circular]","_header":null,"_keepAliveTimeout":5000,"req":"[Circular]","_sent100":false,"_expect_continue":false,"locals":{},"statusCode":200,"headersSent":false},"bytesRead":2718,"_bytesDispatched":0,"bytesWritten":0},"httpVersionMajor":1,"httpVersionMinor":1,"httpVersion":"1.1","complete":true,"rawHeaders":["host","localhost:5001","connection","keep-alive","content-length","54","pragma","no-cache","cache-control","no-cache","user-agent","Mozilla/5.0 (iPhone; CPU iPhone OS 13_2_3 like Mac OS X) AppleWebKit/605.1.15 (KHTML, like Gecko) Version/13.0.3 Mobile/15E148 Safari/604.1","content-type","application/json","accept","*/*","origin","http://localhost:3000","sec-fetch-site","same-site","sec-fetch-mode","cors","sec-fetch-dest","empty","referer","http://localhost:3000/","accept-encoding","gzip, deflate, br","accept-language","en-US,en;q=0.9,vi;q=0.8","x-original-auth","Bearer eyJhbGciOiJSUzI1NiIsImtpZCI6IjNhM2JkODk4ZGE1MGE4OWViOWUxY2YwYjdhN2VmZTM1OTNkNDEwNjgiLCJ0eXAiOiJKV1QifQ.eyJuYW1lIjoiSHXMm25nIE5ndXllzILMg24gVmllzKPMgnQiLCJwaWN0dXJlIjoiaHR0cHM6Ly9saDMuZ29vZ2xldXNlcmNvbnRlbnQuY29tL2EvQUNnOG9jSkpPaWZmaUI3TzFOa0dNcVJ1MUhSUG1sZ3hJUzhkRzVHTWtPZWFydThpcUE9czk2LWMiLCJpc3MiOiJodHRwczovL3NlY3VyZXRva2VuLmdvb2dsZS5jb20vaHVuZ2RldmpzLXdhcm0iLCJhdWQiOiJodW5nZGV2anMtd2FybSIsImF1dGhfdGltZSI6MTcwMjA5MTAxNiwidXNlcl9pZCI6IlFaWW9iam5RR0dZdllLS3FWRWZoUXBVYURFeTEiLCJzdWIiOiJRWllvYmpuUUdHWXZZS0txVkVmaFFwVWFERXkxIiwiaWF0IjoxNzAyMDkxMDE2LCJleHAiOjE3MDIwOTQ2MTYsImVtYWlsIjoiamFjay5uZ3V5ZW5Ad2VhcmVkYXkub25lIiwiZW1haWxfdmVyaWZpZWQiOnRydWUsImZpcmViYXNlIjp7ImlkZW50aXRpZXMiOnsiZ29vZ2xlLmNvbSI6WyIxMTU4MjI1MzkxMDMzODU3Mzk0NDAiXSwiZW1haWwiOlsiamFjay5uZ3V5ZW5Ad2VhcmVkYXkub25lIl19LCJzaWduX2luX3Byb3ZpZGVyIjoiZ29vZ2xlLmNvbSJ9fQ.Tag8i0OBhxl75Js-TtFiaubwHcytgJ9Im0mYHC8rHOmCRGjbCBml7FJgLcFa4ZNDuhCiGgloE5fRd-4eL9S3fWG78xK4_qmqABbhC8ydy4pjVMEnPij2NEv-qB20iOww74q0hGLcGmzFm-VQ04tNk9wybil0azbzrR8BmtqXJ8tgoc5uNmlqTT_AYjUk0a6zgFEuZ2kCzYYbVP98y8K0YjyDBm4zK64jQq8D3-aI0J0hhsOewRRuHuaZcI4lYplZsx7Y0H1OSi-Q1YEI8nqaAZRlIX71WyKRyKjMx6q3MkWtg9ZDSPL3I644JKBl0hz51SJeKyXWJFY5k-nSxrrTXw","x-callable-context-auth","%7B%22uid%22%3A%22QZYobjnQGGYvYKKqVEfhQpUaDEy1%22%2C%22token%22%3A%7B%22name%22%3A%22Hu%CC%9Bng%20Nguye%CC%82%CC%83n%20Vie%CC%A3%CC%82t%22%2C%22picture%22%3A%22https%3A%2F%2Flh3.googleusercontent.com%2Fa%2FACg8ocJJOiffiB7O1NkGMqRu1HRPmlgxIS8dG5GMkOearu8iqA%3Ds96-c%22%2C%22iss%22%3A%22https%3A%2F%2Fsecuretoken.google.com%2Fhungdevjs-warm%22%2C%22aud%22%3A%22hungdevjs-warm%22%2C%22auth_time%22%3A1702091016%2C%22user_id%22%3A%22QZYobjnQGGYvYKKqVEfhQpUaDEy1%22%2C%22sub%22%3A%22QZYobjnQGGYvYKKqVEfhQpUaDEy1%22%2C%22iat%22%3A1702091016%2C%22exp%22%3A1702094616%2C%22email%22%3A%22jack.nguyen%40weareday.one%22%2C%22email_verified%22%3Atrue%2C%22firebase%22%3A%7B%22identities%22%3A%7B%22google.com%22%3A%5B%22115822539103385739440%22%5D%2C%22email%22%3A%5B%22jack.nguyen%40weareday.one%22%5D%7D%2C%22sign_in_provider%22%3A%22google.com%22%7D%2C%22uid%22%3A%22QZYobjnQGGYvYKKqVEfhQpUaDEy1%22%7D%7D"],"rawTrailers":[],"aborted":false,"upgrade":false,"url":"/","method":"POST","statusCode":null,"statusMessage":null,"client":"[Circular]","_consuming":true,"_dumped":false,"baseUrl":"","originalUrl":"/","_parsedUrl":{"protocol":null,"slashes":null,"auth":null,"host":null,"port":null,"hostname":null,"hash":null,"search":null,"query":null,"pathname":"/","path":"/","href":"/","_raw":"/"},"params":{"0":""},"query":{},"res":"[Circular]","body":{"data":{"receiverId":"4cPIHu38W6ahvSylCJa0mzMEskq2"}},"_body":true,"rawBody":{"type":"Buffer","data":[123,34,100,97,116,97,34,58,123,34,114,101,99,101,105,118,101,114,73,100,34,58,34,52,99,80,73,72,117,51,56,87,54,97,104,118,83,121,108,67,74,97,48,109,122,77,69,115,107,113,50,34,125,125]},"route":{"path":"/*","stack":[{"name":"<anonymous>","keys":[],"regexp":{"fast_star":false,"fast_slash":false},"method":"acl"},{"name":"<anonymous>","keys":[],"regexp":{"fast_star":false,"fast_slash":false},"method":"bind"},{"name":"<anonymous>","keys":[],"regexp":{"fast_star":false,"fast_slash":false},"method":"checkout"},{"name":"<anonymous>","keys":[],"regexp":{"fast_star":false,"fast_slash":false},"method":"connect"},{"name":"<anonymous>","keys":[],"regexp":{"fast_star":false,"fast_slash":false},"method":"copy"},{"name":"<anonymous>","keys":[],"regexp":{"fast_star":false,"fast_slash":false},"method":"delete"},{"name":"<anonymous>","keys":[],"regexp":{"fast_star":false,"fast_slash":false},"method":"get"},{"name":"<anonymous>","keys":[],"regexp":{"fast_star":false,"fast_slash":false},"method":"head"},{"name":"<anonymous>","keys":[],"regexp":{"fast_star":false,"fast_slash":false},"method":"link"},{"name":"<anonymous>","keys":[],"regexp":{"fast_star":false,"fast_slash":false},"method":"lock"},{"name":"<anonymous>","keys":[],"regexp":{"fast_star":false,"fast_slash":false},"method":"m-search"},{"name":"<anonymous>","keys":[],"regexp":{"fast_star":false,"fast_slash":false},"method":"merge"},{"name":"<anonymous>","keys":[],"regexp":{"fast_star":false,"fast_slash":false},"method":"mkactivity"},{"name":"<anonymous>","keys":[],"regexp":{"fast_star":false,"fast_slash":false},"method":"mkcalendar"},{"name":"<anonymous>","keys":[],"regexp":{"fast_star":false,"fast_slash":false},"method":"mkcol"},{"name":"<anonymous>","keys":[],"regexp":{"fast_star":false,"fast_slash":false},"method":"move"},{"name":"<anonymous>","keys":[],"regexp":{"fast_star":false,"fast_slash":false},"method":"notify"},{"name":"<anonymous>","keys":[],"regexp":{"fast_star":false,"fast_slash":false},"method":"options"},{"name":"<anonymous>","keys":[],"regexp":{"fast_star":false,"fast_slash":false},"method":"patch"},{"name":"<anonymous>","keys":[],"regexp":{"fast_star":false,"fast_slash":false},"method":"post"},{"name":"<anonymous>","keys":[],"regexp":{"fast_star":false,"fast_slash":false},"method":"propfind"},{"name":"<anonymous>","keys":[],"regexp":{"fast_star":false,"fast_slash":false},"method":"proppatch"},{"name":"<anonymous>","keys":[],"regexp":{"fast_star":false,"fast_slash":false},"method":"purge"},{"name":"<anonymous>","keys":[],"regexp":{"fast_star":false,"fast_slash":false},"method":"put"},{"name":"<anonymous>","keys":[],"regexp":{"fast_star":false,"fast_slash":false},"method":"rebind"},{"name":"<anonymous>","keys":[],"regexp":{"fast_star":false,"fast_slash":false},"method":"report"},{"name":"<anonymous>","keys":[],"regexp":{"fast_star":false,"fast_slash":false},"method":"search"},{"name":"<anonymous>","keys":[],"regexp":{"fast_star":false,"fast_slash":false},"method":"source"},{"name":"<anonymous>","keys":[],"regexp":{"fast_star":false,"fast_slash":false},"method":"subscribe"},{"name":"<anonymous>","keys":[],"regexp":{"fast_star":false,"fast_slash":false},"method":"trace"},{"name":"<anonymous>","keys":[],"regexp":{"fast_star":false,"fast_slash":false},"method":"unbind"},{"name":"<anonymous>","keys":[],"regexp":{"fast_star":false,"fast_slash":false},"method":"unlink"},{"name":"<anonymous>","keys":[],"regexp":{"fast_star":false,"fast_slash":false},"method":"unlock"},{"name":"<anonymous>","keys":[],"regexp":{"fast_star":false,"fast_slash":false},"method":"unsubscribe"}],"methods":{"acl":true,"bind":true,"checkout":true,"connect":true,"copy":true,"delete":true,"get":true,"head":true,"link":true,"lock":true,"m-search":true,"merge":true,"mkactivity":true,"mkcalendar":true,"mkcol":true,"move":true,"notify":true,"options":true,"patch":true,"post":true,"propfind":true,"proppatch":true,"purge":true,"put":true,"rebind":true,"report":true,"search":true,"source":true,"subscribe":true,"trace":true,"unbind":true,"unlink":true,"unlock":true,"unsubscribe":true}},"protocol":"http","secure":false,"ips":[],"subdomains":[],"path":"/","hostname":"localhost","host":"localhost","fresh":false,"stale":true,"xhr":false},"auth":{"uid":"QZYobjnQGGYvYKKqVEfhQpUaDEy1","token":{"name":"Hưng Nguyễn Việt","picture":"https://lh3.googleusercontent.com/a/ACg8ocJJOiffiB7O1NkGMqRu1HRPmlgxIS8dG5GMkOearu8iqA=s96-c","iss":"https://securetoken.google.com/hungdevjs-warm","aud":"hungdevjs-warm","auth_time":1702091016,"user_id":"QZYobjnQGGYvYKKqVEfhQpUaDEy1","sub":"QZYobjnQGGYvYKKqVEfhQpUaDEy1","iat":1702091016,"exp":1702094616,"email":"jack.nguyen@weareday.one","email_verified":true,"firebase":{"identities":{"google.com":["115822539103385739440"],"email":["jack.nguyen@weareday.one"]},"sign_in_provider":"google.com"},"uid":"QZYobjnQGGYvYKKqVEfhQpUaDEy1"}},"severity":"INFO","message":"send proposal { receiverId: '4cPIHu38W6ahvSylCJa0mzMEskq2' }"} {"user":{"rawRequest":{"_readableState":{"objectMode":false,"highWaterMark":16384,"buffer":{"head":null,"tail":null,"length":0},"length":0,"pipes":[],"flowing":true,"ended":true,"endEmitted":true,"reading":false,"constructed":true,"sync":false,"needReadable":false,"emittedReadable":false,"readableListening":false,"resumeScheduled":false,"errorEmitted":false,"emitClose":true,"autoDestroy":true,"destroyed":true,"errored":null,"closed":true,"closeEmitted":true,"defaultEncoding":"utf8","awaitDrainWriters":null,"multiAwaitDrain":false,"readingMore":false,"dataEmitted":true,"decoder":null,"encoding":null},"_events":{},"_eventsCount":1,"socket":{"connecting":false,"_hadError":false,"_parent":null,"_host":null,"_readableState":{"objectMode":false,"highWaterMark":16384,"buffer":{"head":null,"tail":null,"length":0},"length":0,"pipes":[],"flowing":true,"ended":false,"endEmitted":false,"reading":true,"constructed":true,"sync":false,"needReadable":true,"emittedReadable":false,"readableListening":false,"resumeScheduled":false,"errorEmitted":false,"emitClose":false,"autoDestroy":true,"destroyed":false,"errored":null,"closed":false,"closeEmitted":false,"defaultEncoding":"utf8","awaitDrainWriters":null,"multiAwaitDrain":false,"readingMore":false,"dataEmitted":false,"decoder":null,"encoding":null},"_events":{"end":[null,null],"close":[null,null]},"_eventsCount":8,"_writableState":{"objectMode":false,"highWaterMark":16384,"finalCalled":false,"needDrain":false,"ending":false,"ended":false,"finished":false,"destroyed":false,"decodeStrings":false,"defaultEncoding":"utf8","length":0,"writing":false,"corked":0,"sync":true,"bufferProcessing":false,"writecb":null,"writelen":0,"afterWriteTickInfo":null,"buffered":[],"bufferedIndex":0,"allBuffers":true,"allNoop":true,"pendingcb":0,"constructed":true,"prefinished":false,"errorEmitted":false,"emitClose":false,"autoDestroy":true,"errored":null,"closed":false,"closeEmitted":false},"allowHalfOpen":true,"_sockname":null,"_pendingData":null,"_pendingEncoding":"","server":{"_events":{},"_eventsCount":3,"_connections":1,"_handle":{"writeQueueSize":0,"isStreamBase":true},"_usingWorkers":false,"_workers":[],"_unref":false,"allowHalfOpen":true,"pauseOnConnect":false,"noDelay":false,"keepAlive":false,"keepAliveInitialDelay":0,"httpAllowHalfOpen":false,"timeout":60000,"keepAliveTimeout":5000,"maxHeadersCount":null,"maxRequestsPerSocket":0,"headersTimeout":60000,"requestTimeout":0,"_pipeName":"/var/folders/m2/22fphpx56_7dq968pd9pdm2r0000gn/T/fire_emu_7e3558a54f2851c9.sock","_connectionKey":"-1:/var/folders/m2/22fphpx56_7dq968pd9pdm2r0000gn/T/fire_emu_7e3558a54f2851c9.sock:-1","listening":true},"_server":"[Circular]","timeout":60000,"parser":{"_headers":[],"_url":"","socket":"[Circular]","incoming":"[Circular]","outgoing":null,"maxHeaderPairs":2000,"_consumed":true},"_paused":false,"_httpMessage":{"_events":{"finish":[null,null,null]},"_eventsCount":1,"outputData":[],"outputSize":0,"writable":true,"destroyed":false,"_last":false,"chunkedEncoding":false,"shouldKeepAlive":true,"maxRequestsOnConnectionReached":false,"_defaultKeepAlive":true,"useChunkedEncodingByDefault":true,"sendDate":true,"_removedConnection":false,"_removedContLen":false,"_removedTE":false,"_contentLength":null,"_hasBody":true,"_trailer":"","finished":false,"_headerSent":false,"_closed":false,"socket":"[Circular]","_header":null,"_keepAliveTimeout":5000,"req":"[Circular]","_sent100":false,"_expect_continue":false,"locals":{},"statusCode":200,"headersSent":false},"bytesRead":2718,"_bytesDispatched":0,"bytesWritten":0},"httpVersionMajor":1,"httpVersionMinor":1,"httpVersion":"1.1","complete":true,"rawHeaders":["host","localhost:5001","connection","keep-alive","content-length","54","pragma","no-cache","cache-control","no-cache","user-agent","Mozilla/5.0 (iPhone; CPU iPhone OS 13_2_3 like Mac OS X) AppleWebKit/605.1.15 (KHTML, like Gecko) Version/13.0.3 Mobile/15E148 Safari/604.1","content-type","application/json","accept","*/*","origin","http://localhost:3000","sec-fetch-site","same-site","sec-fetch-mode","cors","sec-fetch-dest","empty","referer","http://localhost:3000/","accept-encoding","gzip, deflate, br","accept-language","en-US,en;q=0.9,vi;q=0.8","x-original-auth","Bearer eyJhbGciOiJSUzI1NiIsImtpZCI6IjNhM2JkODk4ZGE1MGE4OWViOWUxY2YwYjdhN2VmZTM1OTNkNDEwNjgiLCJ0eXAiOiJKV1QifQ.eyJuYW1lIjoiSHXMm25nIE5ndXllzILMg24gVmllzKPMgnQiLCJwaWN0dXJlIjoiaHR0cHM6Ly9saDMuZ29vZ2xldXNlcmNvbnRlbnQuY29tL2EvQUNnOG9jSkpPaWZmaUI3TzFOa0dNcVJ1MUhSUG1sZ3hJUzhkRzVHTWtPZWFydThpcUE9czk2LWMiLCJpc3MiOiJodHRwczovL3NlY3VyZXRva2VuLmdvb2dsZS5jb20vaHVuZ2RldmpzLXdhcm0iLCJhdWQiOiJodW5nZGV2anMtd2FybSIsImF1dGhfdGltZSI6MTcwMjA5MTAxNiwidXNlcl9pZCI6IlFaWW9iam5RR0dZdllLS3FWRWZoUXBVYURFeTEiLCJzdWIiOiJRWllvYmpuUUdHWXZZS0txVkVmaFFwVWFERXkxIiwiaWF0IjoxNzAyMDkxMDE2LCJleHAiOjE3MDIwOTQ2MTYsImVtYWlsIjoiamFjay5uZ3V5ZW5Ad2VhcmVkYXkub25lIiwiZW1haWxfdmVyaWZpZWQiOnRydWUsImZpcmViYXNlIjp7ImlkZW50aXRpZXMiOnsiZ29vZ2xlLmNvbSI6WyIxMTU4MjI1MzkxMDMzODU3Mzk0NDAiXSwiZW1haWwiOlsiamFjay5uZ3V5ZW5Ad2VhcmVkYXkub25lIl19LCJzaWduX2luX3Byb3ZpZGVyIjoiZ29vZ2xlLmNvbSJ9fQ.Tag8i0OBhxl75Js-TtFiaubwHcytgJ9Im0mYHC8rHOmCRGjbCBml7FJgLcFa4ZNDuhCiGgloE5fRd-4eL9S3fWG78xK4_qmqABbhC8ydy4pjVMEnPij2NEv-qB20iOww74q0hGLcGmzFm-VQ04tNk9wybil0azbzrR8BmtqXJ8tgoc5uNmlqTT_AYjUk0a6zgFEuZ2kCzYYbVP98y8K0YjyDBm4zK64jQq8D3-aI0J0hhsOewRRuHuaZcI4lYplZsx7Y0H1OSi-Q1YEI8nqaAZRlIX71WyKRyKjMx6q3MkWtg9ZDSPL3I644JKBl0hz51SJeKyXWJFY5k-nSxrrTXw","x-callable-context-auth","%7B%22uid%22%3A%22QZYobjnQGGYvYKKqVEfhQpUaDEy1%22%2C%22token%22%3A%7B%22name%22%3A%22Hu%CC%9Bng%20Nguye%CC%82%CC%83n%20Vie%CC%A3%CC%82t%22%2C%22picture%22%3A%22https%3A%2F%2Flh3.googleusercontent.com%2Fa%2FACg8ocJJOiffiB7O1NkGMqRu1HRPmlgxIS8dG5GMkOearu8iqA%3Ds96-c%22%2C%22iss%22%3A%22https%3A%2F%2Fsecuretoken.google.com%2Fhungdevjs-warm%22%2C%22aud%22%3A%22hungdevjs-warm%22%2C%22auth_time%22%3A1702091016%2C%22user_id%22%3A%22QZYobjnQGGYvYKKqVEfhQpUaDEy1%22%2C%22sub%22%3A%22QZYobjnQGGYvYKKqVEfhQpUaDEy1%22%2C%22iat%22%3A1702091016%2C%22exp%22%3A1702094616%2C%22email%22%3A%22jack.nguyen%40weareday.one%22%2C%22email_verified%22%3Atrue%2C%22firebase%22%3A%7B%22identities%22%3A%7B%22google.com%22%3A%5B%22115822539103385739440%22%5D%2C%22email%22%3A%5B%22jack.nguyen%40weareday.one%22%5D%7D%2C%22sign_in_provider%22%3A%22google.com%22%7D%2C%22uid%22%3A%22QZYobjnQGGYvYKKqVEfhQpUaDEy1%22%7D%7D"],"rawTrailers":[],"aborted":false,"upgrade":false,"url":"/","method":"POST","statusCode":null,"statusMessage":null,"client":"[Circular]","_consuming":true,"_dumped":false,"baseUrl":"","originalUrl":"/","_parsedUrl":{"protocol":null,"slashes":null,"auth":null,"host":null,"port":null,"hostname":null,"hash":null,"search":null,"query":null,"pathname":"/","path":"/","href":"/","_raw":"/"},"params":{"0":""},"query":{},"res":"[Circular]","body":{"data":{"receiverId":"4cPIHu38W6ahvSylCJa0mzMEskq2"}},"_body":true,"rawBody":{"type":"Buffer","data":[123,34,100,97,116,97,34,58,123,34,114,101,99,101,105,118,101,114,73,100,34,58,34,52,99,80,73,72,117,51,56,87,54,97,104,118,83,121,108,67,74,97,48,109,122,77,69,115,107,113,50,34,125,125]},"route":{"path":"/*","stack":[{"name":"<anonymous>","keys":[],"regexp":{"fast_star":false,"fast_slash":false},"method":"acl"},{"name":"<anonymous>","keys":[],"regexp":{"fast_star":false,"fast_slash":false},"method":"bind"},{"name":"<anonymous>","keys":[],"regexp":{"fast_star":false,"fast_slash":false},"method":"checkout"},{"name":"<anonymous>","keys":[],"regexp":{"fast_star":false,"fast_slash":false},"method":"connect"},{"name":"<anonymous>","keys":[],"regexp":{"fast_star":false,"fast_slash":false},"method":"copy"},{"name":"<anonymous>","keys":[],"regexp":{"fast_star":false,"fast_slash":false},"method":"delete"},{"name":"<anonymous>","keys":[],"regexp":{"fast_star":false,"fast_slash":false},"method":"get"},{"name":"<anonymous>","keys":[],"regexp":{"fast_star":false,"fast_slash":false},"method":"head"},{"name":"<anonymous>","keys":[],"regexp":{"fast_star":false,"fast_slash":false},"method":"link"},{"name":"<anonymous>","keys":[],"regexp":{"fast_star":false,"fast_slash":false},"method":"lock"},{"name":"<anonymous>","keys":[],"regexp":{"fast_star":false,"fast_slash":false},"method":"m-search"},{"name":"<anonymous>","keys":[],"regexp":{"fast_star":false,"fast_slash":false},"method":"merge"},{"name":"<anonymous>","keys":[],"regexp":{"fast_star":false,"fast_slash":false},"method":"mkactivity"},{"name":"<anonymous>","keys":[],"regexp":{"fast_star":false,"fast_slash":false},"method":"mkcalendar"},{"name":"<anonymous>","keys":[],"regexp":{"fast_star":false,"fast_slash":false},"method":"mkcol"},{"name":"<anonymous>","keys":[],"regexp":{"fast_star":false,"fast_slash":false},"method":"move"},{"name":"<anonymous>","keys":[],"regexp":{"fast_star":false,"fast_slash":false},"method":"notify"},{"name":"<anonymous>","keys":[],"regexp":{"fast_star":false,"fast_slash":false},"method":"options"},{"name":"<anonymous>","keys":[],"regexp":{"fast_star":false,"fast_slash":false},"method":"patch"},{"name":"<anonymous>","keys":[],"regexp":{"fast_star":false,"fast_slash":false},"method":"post"},{"name":"<anonymous>","keys":[],"regexp":{"fast_star":false,"fast_slash":false},"method":"propfind"},{"name":"<anonymous>","keys":[],"regexp":{"fast_star":false,"fast_slash":false},"method":"proppatch"},{"name":"<anonymous>","keys":[],"regexp":{"fast_star":false,"fast_slash":false},"method":"purge"},{"name":"<anonymous>","keys":[],"regexp":{"fast_star":false,"fast_slash":false},"method":"put"},{"name":"<anonymous>","keys":[],"regexp":{"fast_star":false,"fast_slash":false},"method":"rebind"},{"name":"<anonymous>","keys":[],"regexp":{"fast_star":false,"fast_slash":false},"method":"report"},{"name":"<anonymous>","keys":[],"regexp":{"fast_star":false,"fast_slash":false},"method":"search"},{"name":"<anonymous>","keys":[],"regexp":{"fast_star":false,"fast_slash":false},"method":"source"},{"name":"<anonymous>","keys":[],"regexp":{"fast_star":false,"fast_slash":false},"method":"subscribe"},{"name":"<anonymous>","keys":[],"regexp":{"fast_star":false,"fast_slash":false},"method":"trace"},{"name":"<anonymous>","keys":[],"regexp":{"fast_star":false,"fast_slash":false},"method":"unbind"},{"name":"<anonymous>","keys":[],"regexp":{"fast_star":false,"fast_slash":false},"method":"unlink"},{"name":"<anonymous>","keys":[],"regexp":{"fast_star":false,"fast_slash":false},"method":"unlock"},{"name":"<anonymous>","keys":[],"regexp":{"fast_star":false,"fast_slash":false},"method":"unsubscribe"}],"methods":{"acl":true,"bind":true,"checkout":true,"connect":true,"copy":true,"delete":true,"get":true,"head":true,"link":true,"lock":true,"m-search":true,"merge":true,"mkactivity":true,"mkcalendar":true,"mkcol":true,"move":true,"notify":true,"options":true,"patch":true,"post":true,"propfind":true,"proppatch":true,"purge":true,"put":true,"rebind":true,"report":true,"search":true,"source":true,"subscribe":true,"trace":true,"unbind":true,"unlink":true,"unlock":true,"unsubscribe":true}},"protocol":"http","secure":false,"ips":[],"subdomains":[],"path":"/","hostname":"localhost","host":"localhost","fresh":false,"stale":true,"xhr":false},"auth":{"uid":"QZYobjnQGGYvYKKqVEfhQpUaDEy1","token":{"name":"Hưng Nguyễn Việt","picture":"https://lh3.googleusercontent.com/a/ACg8ocJJOiffiB7O1NkGMqRu1HRPmlgxIS8dG5GMkOearu8iqA=s96-c","iss":"https://securetoken.google.com/hungdevjs-warm","aud":"hungdevjs-warm","auth_time":1702091016,"user_id":"QZYobjnQGGYvYKKqVEfhQpUaDEy1","sub":"QZYobjnQGGYvYKKqVEfhQpUaDEy1","iat":1702091016,"exp":1702094616,"email":"jack.nguyen@weareday.one","email_verified":true,"firebase":{"identities":{"google.com":["115822539103385739440"],"email":["jack.nguyen@weareday.one"]},"sign_in_provider":"google.com"},"uid":"QZYobjnQGGYvYKKqVEfhQpUaDEy1"}},"severity":"INFO","message":"send proposal { receiverId: '4cPIHu38W6ahvSylCJa0mzMEskq2' }"},"metadata":{"emulator":{"name":"functions"},"function":{"name":"us-central1-sendProposal"},"extension":{},"message":"\u001b[90m> \u001b[39m {\"rawRequest\":{\"_readableState\":{\"objectMode\":false,\"highWaterMark\":16384,\"buffer\":{\"head\":null,\"tail\":null,\"length\":0},\"length\":0,\"pipes\":[],\"flowing\":true,\"ended\":true,\"endEmitted\":true,\"reading\":false,\"constructed\":true,\"sync\":false,\"needReadable\":false,\"emittedReadable\":false,\"readableListening\":false,\"resumeScheduled\":false,\"errorEmitted\":false,\"emitClose\":true,\"autoDestroy\":true,\"destroyed\":true,\"errored\":null,\"closed\":true,\"closeEmitted\":true,\"defaultEncoding\":\"utf8\",\"awaitDrainWriters\":null,\"multiAwaitDrain\":false,\"readingMore\":false,\"dataEmitted\":true,\"decoder\":null,\"encoding\":null},\"_events\":{},\"_eventsCount\":1,\"socket\":{\"connecting\":false,\"_hadError\":false,\"_parent\":null,\"_host\":null,\"_readableState\":{\"objectMode\":false,\"highWaterMark\":16384,\"buffer\":{\"head\":null,\"tail\":null,\"length\":0},\"length\":0,\"pipes\":[],\"flowing\":true,\"ended\":false,\"endEmitted\":false,\"reading\":true,\"constructed\":true,\"sync\":false,\"needReadable\":true,\"emittedReadable\":false,\"readableListening\":false,\"resumeScheduled\":false,\"errorEmitted\":false,\"emitClose\":false,\"autoDestroy\":true,\"destroyed\":false,\"errored\":null,\"closed\":false,\"closeEmitted\":false,\"defaultEncoding\":\"utf8\",\"awaitDrainWriters\":null,\"multiAwaitDrain\":false,\"readingMore\":false,\"dataEmitted\":false,\"decoder\":null,\"encoding\":null},\"_events\":{\"end\":[null,null],\"close\":[null,null]},\"_eventsCount\":8,\"_writableState\":{\"objectMode\":false,\"highWaterMark\":16384,\"finalCalled\":false,\"needDrain\":false,\"ending\":false,\"ended\":false,\"finished\":false,\"destroyed\":false,\"decodeStrings\":false,\"defaultEncoding\":\"utf8\",\"length\":0,\"writing\":false,\"corked\":0,\"sync\":true,\"bufferProcessing\":false,\"writecb\":null,\"writelen\":0,\"afterWriteTickInfo\":null,\"buffered\":[],\"bufferedIndex\":0,\"allBuffers\":true,\"allNoop\":true,\"pendingcb\":0,\"constructed\":true,\"prefinished\":false,\"errorEmitted\":false,\"emitClose\":false,\"autoDestroy\":true,\"errored\":null,\"closed\":false,\"closeEmitted\":false},\"allowHalfOpen\":true,\"_sockname\":null,\"_pendingData\":null,\"_pendingEncoding\":\"\",\"server\":{\"_events\":{},\"_eventsCount\":3,\"_connections\":1,\"_handle\":{\"writeQueueSize\":0,\"isStreamBase\":true},\"_usingWorkers\":false,\"_workers\":[],\"_unref\":false,\"allowHalfOpen\":true,\"pauseOnConnect\":false,\"noDelay\":false,\"keepAlive\":false,\"keepAliveInitialDelay\":0,\"httpAllowHalfOpen\":false,\"timeout\":60000,\"keepAliveTimeout\":5000,\"maxHeadersCount\":null,\"maxRequestsPerSocket\":0,\"headersTimeout\":60000,\"requestTimeout\":0,\"_pipeName\":\"/var/folders/m2/22fphpx56_7dq968pd9pdm2r0000gn/T/fire_emu_7e3558a54f2851c9.sock\",\"_connectionKey\":\"-1:/var/folders/m2/22fphpx56_7dq968pd9pdm2r0000gn/T/fire_emu_7e3558a54f2851c9.sock:-1\",\"listening\":true},\"_server\":\"[Circular]\",\"timeout\":60000,\"parser\":{\"_headers\":[],\"_url\":\"\",\"socket\":\"[Circular]\",\"incoming\":\"[Circular]\",\"outgoing\":null,\"maxHeaderPairs\":2000,\"_consumed\":true},\"_paused\":false,\"_httpMessage\":{\"_events\":{\"finish\":[null,null,null]},\"_eventsCount\":1,\"outputData\":[],\"outputSize\":0,\"writable\":true,\"destroyed\":false,\"_last\":false,\"chunkedEncoding\":false,\"shouldKeepAlive\":true,\"maxRequestsOnConnectionReached\":false,\"_defaultKeepAlive\":true,\"useChunkedEncodingByDefault\":true,\"sendDate\":true,\"_removedConnection\":false,\"_removedContLen\":false,\"_removedTE\":false,\"_contentLength\":null,\"_hasBody\":true,\"_trailer\":\"\",\"finished\":false,\"_headerSent\":false,\"_closed\":false,\"socket\":\"[Circular]\",\"_header\":null,\"_keepAliveTimeout\":5000,\"req\":\"[Circular]\",\"_sent100\":false,\"_expect_continue\":false,\"locals\":{},\"statusCode\":200,\"headersSent\":false},\"bytesRead\":2718,\"_bytesDispatched\":0,\"bytesWritten\":0},\"httpVersionMajor\":1,\"httpVersionMinor\":1,\"httpVersion\":\"1.1\",\"complete\":true,\"rawHeaders\":[\"host\",\"localhost:5001\",\"connection\",\"keep-alive\",\"content-length\",\"54\",\"pragma\",\"no-cache\",\"cache-control\",\"no-cache\",\"user-agent\",\"Mozilla/5.0 (iPhone; CPU iPhone OS 13_2_3 like Mac OS X) AppleWebKit/605.1.15 (KHTML, like Gecko) Version/13.0.3 Mobile/15E148 Safari/604.1\",\"content-type\",\"application/json\",\"accept\",\"*/*\",\"origin\",\"http://localhost:3000\",\"sec-fetch-site\",\"same-site\",\"sec-fetch-mode\",\"cors\",\"sec-fetch-dest\",\"empty\",\"referer\",\"http://localhost:3000/\",\"accept-encoding\",\"gzip, deflate, br\",\"accept-language\",\"en-US,en;q=0.9,vi;q=0.8\",\"x-original-auth\",\"Bearer eyJhbGciOiJSUzI1NiIsImtpZCI6IjNhM2JkODk4ZGE1MGE4OWViOWUxY2YwYjdhN2VmZTM1OTNkNDEwNjgiLCJ0eXAiOiJKV1QifQ.eyJuYW1lIjoiSHXMm25nIE5ndXllzILMg24gVmllzKPMgnQiLCJwaWN0dXJlIjoiaHR0cHM6Ly9saDMuZ29vZ2xldXNlcmNvbnRlbnQuY29tL2EvQUNnOG9jSkpPaWZmaUI3TzFOa0dNcVJ1MUhSUG1sZ3hJUzhkRzVHTWtPZWFydThpcUE9czk2LWMiLCJpc3MiOiJodHRwczovL3NlY3VyZXRva2VuLmdvb2dsZS5jb20vaHVuZ2RldmpzLXdhcm0iLCJhdWQiOiJodW5nZGV2anMtd2FybSIsImF1dGhfdGltZSI6MTcwMjA5MTAxNiwidXNlcl9pZCI6IlFaWW9iam5RR0dZdllLS3FWRWZoUXBVYURFeTEiLCJzdWIiOiJRWllvYmpuUUdHWXZZS0txVkVmaFFwVWFERXkxIiwiaWF0IjoxNzAyMDkxMDE2LCJleHAiOjE3MDIwOTQ2MTYsImVtYWlsIjoiamFjay5uZ3V5ZW5Ad2VhcmVkYXkub25lIiwiZW1haWxfdmVyaWZpZWQiOnRydWUsImZpcmViYXNlIjp7ImlkZW50aXRpZXMiOnsiZ29vZ2xlLmNvbSI6WyIxMTU4MjI1MzkxMDMzODU3Mzk0NDAiXSwiZW1haWwiOlsiamFjay5uZ3V5ZW5Ad2VhcmVkYXkub25lIl19LCJzaWduX2luX3Byb3ZpZGVyIjoiZ29vZ2xlLmNvbSJ9fQ.Tag8i0OBhxl75Js-TtFiaubwHcytgJ9Im0mYHC8rHOmCRGjbCBml7FJgLcFa4ZNDuhCiGgloE5fRd-4eL9S3fWG78xK4_qmqABbhC8ydy4pjVMEnPij2NEv-qB20iOww74q0hGLcGmzFm-VQ04tNk9wybil0azbzrR8BmtqXJ8tgoc5uNmlqTT_AYjUk0a6zgFEuZ2kCzYYbVP98y8K0YjyDBm4zK64jQq8D3-aI0J0hhsOewRRuHuaZcI4lYplZsx7Y0H1OSi-Q1YEI8nqaAZRlIX71WyKRyKjMx6q3MkWtg9ZDSPL3I644JKBl0hz51SJeKyXWJFY5k-nSxrrTXw\",\"x-callable-context-auth\",\"%7B%22uid%22%3A%22QZYobjnQGGYvYKKqVEfhQpUaDEy1%22%2C%22token%22%3A%7B%22name%22%3A%22Hu%CC%9Bng%20Nguye%CC%82%CC%83n%20Vie%CC%A3%CC%82t%22%2C%22picture%22%3A%22https%3A%2F%2Flh3.googleusercontent.com%2Fa%2FACg8ocJJOiffiB7O1NkGMqRu1HRPmlgxIS8dG5GMkOearu8iqA%3Ds96-c%22%2C%22iss%22%3A%22https%3A%2F%2Fsecuretoken.google.com%2Fhungdevjs-warm%22%2C%22aud%22%3A%22hungdevjs-warm%22%2C%22auth_time%22%3A1702091016%2C%22user_id%22%3A%22QZYobjnQGGYvYKKqVEfhQpUaDEy1%22%2C%22sub%22%3A%22QZYobjnQGGYvYKKqVEfhQpUaDEy1%22%2C%22iat%22%3A1702091016%2C%22exp%22%3A1702094616%2C%22email%22%3A%22jack.nguyen%40weareday.one%22%2C%22email_verified%22%3Atrue%2C%22firebase%22%3A%7B%22identities%22%3A%7B%22google.com%22%3A%5B%22115822539103385739440%22%5D%2C%22email%22%3A%5B%22jack.nguyen%40weareday.one%22%5D%7D%2C%22sign_in_provider%22%3A%22google.com%22%7D%2C%22uid%22%3A%22QZYobjnQGGYvYKKqVEfhQpUaDEy1%22%7D%7D\"],\"rawTrailers\":[],\"aborted\":false,\"upgrade\":false,\"url\":\"/\",\"method\":\"POST\",\"statusCode\":null,\"statusMessage\":null,\"client\":\"[Circular]\",\"_consuming\":true,\"_dumped\":false,\"baseUrl\":\"\",\"originalUrl\":\"/\",\"_parsedUrl\":{\"protocol\":null,\"slashes\":null,\"auth\":null,\"host\":null,\"port\":null,\"hostname\":null,\"hash\":null,\"search\":null,\"query\":null,\"pathname\":\"/\",\"path\":\"/\",\"href\":\"/\",\"_raw\":\"/\"},\"params\":{\"0\":\"\"},\"query\":{},\"res\":\"[Circular]\",\"body\":{\"data\":{\"receiverId\":\"4cPIHu38W6ahvSylCJa0mzMEskq2\"}},\"_body\":true,\"rawBody\":{\"type\":\"Buffer\",\"data\":[123,34,100,97,116,97,34,58,123,34,114,101,99,101,105,118,101,114,73,100,34,58,34,52,99,80,73,72,117,51,56,87,54,97,104,118,83,121,108,67,74,97,48,109,122,77,69,115,107,113,50,34,125,125]},\"route\":{\"path\":\"/*\",\"stack\":[{\"name\":\"<anonymous>\",\"keys\":[],\"regexp\":{\"fast_star\":false,\"fast_slash\":false},\"method\":\"acl\"},{\"name\":\"<anonymous>\",\"keys\":[],\"regexp\":{\"fast_star\":false,\"fast_slash\":false},\"method\":\"bind\"},{\"name\":\"<anonymous>\",\"keys\":[],\"regexp\":{\"fast_star\":false,\"fast_slash\":false},\"method\":\"checkout\"},{\"name\":\"<anonymous>\",\"keys\":[],\"regexp\":{\"fast_star\":false,\"fast_slash\":false},\"method\":\"connect\"},{\"name\":\"<anonymous>\",\"keys\":[],\"regexp\":{\"fast_star\":false,\"fast_slash\":false},\"method\":\"copy\"},{\"name\":\"<anonymous>\",\"keys\":[],\"regexp\":{\"fast_star\":false,\"fast_slash\":false},\"method\":\"delete\"},{\"name\":\"<anonymous>\",\"keys\":[],\"regexp\":{\"fast_star\":false,\"fast_slash\":false},\"method\":\"get\"},{\"name\":\"<anonymous>\",\"keys\":[],\"regexp\":{\"fast_star\":false,\"fast_slash\":false},\"method\":\"head\"},{\"name\":\"<anonymous>\",\"keys\":[],\"regexp\":{\"fast_star\":false,\"fast_slash\":false},\"method\":\"link\"},{\"name\":\"<anonymous>\",\"keys\":[],\"regexp\":{\"fast_star\":false,\"fast_slash\":false},\"method\":\"lock\"},{\"name\":\"<anonymous>\",\"keys\":[],\"regexp\":{\"fast_star\":false,\"fast_slash\":false},\"method\":\"m-search\"},{\"name\":\"<anonymous>\",\"keys\":[],\"regexp\":{\"fast_star\":false,\"fast_slash\":false},\"method\":\"merge\"},{\"name\":\"<anonymous>\",\"keys\":[],\"regexp\":{\"fast_star\":false,\"fast_slash\":false},\"method\":\"mkactivity\"},{\"name\":\"<anonymous>\",\"keys\":[],\"regexp\":{\"fast_star\":false,\"fast_slash\":false},\"method\":\"mkcalendar\"},{\"name\":\"<anonymous>\",\"keys\":[],\"regexp\":{\"fast_star\":false,\"fast_slash\":false},\"method\":\"mkcol\"},{\"name\":\"<anonymous>\",\"keys\":[],\"regexp\":{\"fast_star\":false,\"fast_slash\":false},\"method\":\"move\"},{\"name\":\"<anonymous>\",\"keys\":[],\"regexp\":{\"fast_star\":false,\"fast_slash\":false},\"method\":\"notify\"},{\"name\":\"<anonymous>\",\"keys\":[],\"regexp\":{\"fast_star\":false,\"fast_slash\":false},\"method\":\"options\"},{\"name\":\"<anonymous>\",\"keys\":[],\"regexp\":{\"fast_star\":false,\"fast_slash\":false},\"method\":\"patch\"},{\"name\":\"<anonymous>\",\"keys\":[],\"regexp\":{\"fast_star\":false,\"fast_slash\":false},\"method\":\"post\"},{\"name\":\"<anonymous>\",\"keys\":[],\"regexp\":{\"fast_star\":false,\"fast_slash\":false},\"method\":\"propfind\"},{\"name\":\"<anonymous>\",\"keys\":[],\"regexp\":{\"fast_star\":false,\"fast_slash\":false},\"method\":\"proppatch\"},{\"name\":\"<anonymous>\",\"keys\":[],\"regexp\":{\"fast_star\":false,\"fast_slash\":false},\"method\":\"purge\"},{\"name\":\"<anonymous>\",\"keys\":[],\"regexp\":{\"fast_star\":false,\"fast_slash\":false},\"method\":\"put\"},{\"name\":\"<anonymous>\",\"keys\":[],\"regexp\":{\"fast_star\":false,\"fast_slash\":false},\"method\":\"rebind\"},{\"name\":\"<anonymous>\",\"keys\":[],\"regexp\":{\"fast_star\":false,\"fast_slash\":false},\"method\":\"report\"},{\"name\":\"<anonymous>\",\"keys\":[],\"regexp\":{\"fast_star\":false,\"fast_slash\":false},\"method\":\"search\"},{\"name\":\"<anonymous>\",\"keys\":[],\"regexp\":{\"fast_star\":false,\"fast_slash\":false},\"method\":\"source\"},{\"name\":\"<anonymous>\",\"keys\":[],\"regexp\":{\"fast_star\":false,\"fast_slash\":false},\"method\":\"subscribe\"},{\"name\":\"<anonymous>\",\"keys\":[],\"regexp\":{\"fast_star\":false,\"fast_slash\":false},\"method\":\"trace\"},{\"name\":\"<anonymous>\",\"keys\":[],\"regexp\":{\"fast_star\":false,\"fast_slash\":false},\"method\":\"unbind\"},{\"name\":\"<anonymous>\",\"keys\":[],\"regexp\":{\"fast_star\":false,\"fast_slash\":false},\"method\":\"unlink\"},{\"name\":\"<anonymous>\",\"keys\":[],\"regexp\":{\"fast_star\":false,\"fast_slash\":false},\"method\":\"unlock\"},{\"name\":\"<anonymous>\",\"keys\":[],\"regexp\":{\"fast_star\":false,\"fast_slash\":false},\"method\":\"unsubscribe\"}],\"methods\":{\"acl\":true,\"bind\":true,\"checkout\":true,\"connect\":true,\"copy\":true,\"delete\":true,\"get\":true,\"head\":true,\"link\":true,\"lock\":true,\"m-search\":true,\"merge\":true,\"mkactivity\":true,\"mkcalendar\":true,\"mkcol\":true,\"move\":true,\"notify\":true,\"options\":true,\"patch\":true,\"post\":true,\"propfind\":true,\"proppatch\":true,\"purge\":true,\"put\":true,\"rebind\":true,\"report\":true,\"search\":true,\"source\":true,\"subscribe\":true,\"trace\":true,\"unbind\":true,\"unlink\":true,\"unlock\":true,\"unsubscribe\":true}},\"protocol\":\"http\",\"secure\":false,\"ips\":[],\"subdomains\":[],\"path\":\"/\",\"hostname\":\"localhost\",\"host\":\"localhost\",\"fresh\":false,\"stale\":true,\"xhr\":false},\"auth\":{\"uid\":\"QZYobjnQGGYvYKKqVEfhQpUaDEy1\",\"token\":{\"name\":\"Hưng Nguyễn Việt\",\"picture\":\"https://lh3.googleusercontent.com/a/ACg8ocJJOiffiB7O1NkGMqRu1HRPmlgxIS8dG5GMkOearu8iqA=s96-c\",\"iss\":\"https://securetoken.google.com/hungdevjs-warm\",\"aud\":\"hungdevjs-warm\",\"auth_time\":1702091016,\"user_id\":\"QZYobjnQGGYvYKKqVEfhQpUaDEy1\",\"sub\":\"QZYobjnQGGYvYKKqVEfhQpUaDEy1\",\"iat\":1702091016,\"exp\":1702094616,\"email\":\"jack.nguyen@weareday.one\",\"email_verified\":true,\"firebase\":{\"identities\":{\"google.com\":[\"115822539103385739440\"],\"email\":[\"jack.nguyen@weareday.one\"]},\"sign_in_provider\":\"google.com\"},\"uid\":\"QZYobjnQGGYvYKKqVEfhQpUaDEy1\"}},\"severity\":\"INFO\",\"message\":\"send proposal { receiverId: '4cPIHu38W6ahvSylCJa0mzMEskq2' }\"}"}}
[warn] ⚠  Google API requested!
   - URL: "https://oauth2.googleapis.com/token"
   - Be careful, this may be a production service. {"metadata":{"emulator":{"name":"functions"},"function":{"name":"us-central1-sendProposal"},"extension":{},"message":"Google API requested!\n   - URL: \"https://oauth2.googleapis.com/token\"\n   - Be careful, this may be a production service."}}
[debug] [2023-12-09T03:32:15.303Z] [worker-us-central1-sendProposal-54e1011a-2b4c-41ed-a825-b26ebfb01df1]: IDLE {"metadata":{"emulator":{"name":"functions"},"message":"[worker-us-central1-sendProposal-54e1011a-2b4c-41ed-a825-b26ebfb01df1]: IDLE"}}
[debug] [2023-12-09T03:32:15.303Z] [work-queue] {"queuedWork":[],"queueLength":0,"runningWork":[],"workRunningCount":0}
[info] i  functions: Finished "sendProposal" in 1973.520179ms {"metadata":{"emulator":{"name":"functions"},"function":{"name":"us-central1-sendProposal"},"extension":{},"message":"Finished \"sendProposal\" in 1973.520179ms"}}
[debug] [2023-12-10T06:04:54.375Z] File /Users/jack/Documents/personal-repos/warm/app/functions/callables/users.js changed, reloading triggers {"metadata":{"emulator":{"name":"functions"},"message":"File /Users/jack/Documents/personal-repos/warm/app/functions/callables/users.js changed, reloading triggers"}}
[debug] [2023-12-10T06:04:55.386Z] Validating nodejs source
[warn] ⚠  functions: package.json indicates an outdated version of firebase-functions. Please upgrade using npm install --save firebase-functions@latest in your functions directory. 
[warn] ⚠  functions: Please note that there will be breaking changes when you upgrade. 
[debug] [2023-12-10T06:04:57.321Z] > [functions] package.json contents: {
  "name": "functions",
  "description": "Cloud Functions for Firebase",
  "scripts": {
    "serve": "firebase emulators:start --only functions",
    "shell": "firebase functions:shell",
    "start": "npm run shell",
    "deploy": "firebase deploy --only functions",
    "logs": "firebase functions:log"
  },
  "engines": {
    "node": "16"
  },
  "main": "index.js",
  "dependencies": {
    "@faker-js/faker": "^8.3.1",
    "firebase-admin": "^10.0.2",
    "firebase-functions": "^3.18.0"
  },
  "devDependencies": {
    "firebase-functions-test": "^0.2.0"
  },
  "private": true
}
[debug] [2023-12-10T06:04:57.321Z] Building nodejs source
[debug] [2023-12-10T06:04:57.323Z] Could not find functions.yaml. Must use http discovery
[debug] [2023-12-10T06:04:57.534Z] Serving at port 9005

[debug] [2023-12-10T06:05:00.224Z] Got response from /__/functions.yaml {"endpoints":{"onAuthUserCreated":{"platform":"gcfv1","eventTrigger":{"eventType":"providers/firebase.auth/eventTypes/user.create","eventFilters":{"resource":"projects/hungdevjs-warm"},"retry":false},"labels":{},"entryPoint":"onAuthUserCreated"},"sendProposal":{"platform":"gcfv1","labels":{},"callableTrigger":{},"entryPoint":"sendProposal"}},"specVersion":"v1alpha1","requiredAPIs":[]}
[debug] [2023-12-10T06:05:00.227Z] shutdown requested via /__/quitquitquit

[info] ✔  functions: Loaded functions definitions from source: onAuthUserCreated, sendProposal. {"metadata":{"emulator":{"name":"functions"},"message":"Loaded functions definitions from source: onAuthUserCreated, sendProposal."}}
[debug] [2023-12-10T06:05:00.242Z] [worker-pool] Shutting down IDLE worker (us-central1-sendProposal) {"metadata":{"emulator":{"name":"functions"},"message":"[worker-pool] Shutting down IDLE worker (us-central1-sendProposal)"}}
[debug] [2023-12-10T06:05:00.243Z] [worker-us-central1-sendProposal-54e1011a-2b4c-41ed-a825-b26ebfb01df1]: FINISHING {"metadata":{"emulator":{"name":"functions"},"message":"[worker-us-central1-sendProposal-54e1011a-2b4c-41ed-a825-b26ebfb01df1]: FINISHING"}}
[debug] [2023-12-10T06:05:00.266Z] [worker-us-central1-sendProposal-54e1011a-2b4c-41ed-a825-b26ebfb01df1]: exited {"metadata":{"emulator":{"name":"functions"},"message":"[worker-us-central1-sendProposal-54e1011a-2b4c-41ed-a825-b26ebfb01df1]: exited"}}
[debug] [2023-12-10T06:05:00.266Z] [worker-us-central1-sendProposal-54e1011a-2b4c-41ed-a825-b26ebfb01df1]: FINISHED {"metadata":{"emulator":{"name":"functions"},"message":"[worker-us-central1-sendProposal-54e1011a-2b4c-41ed-a825-b26ebfb01df1]: FINISHED"}}
[debug] [2023-12-10T16:35:14.306Z] File /Users/jack/Documents/personal-repos/warm/app/functions/index.js changed, reloading triggers {"metadata":{"emulator":{"name":"functions"},"message":"File /Users/jack/Documents/personal-repos/warm/app/functions/index.js changed, reloading triggers"}}
[debug] [2023-12-10T16:35:15.314Z] Validating nodejs source
[warn] ⚠  functions: package.json indicates an outdated version of firebase-functions. Please upgrade using npm install --save firebase-functions@latest in your functions directory. 
[warn] ⚠  functions: Please note that there will be breaking changes when you upgrade. 
[debug] [2023-12-10T16:35:16.420Z] > [functions] package.json contents: {
  "name": "functions",
  "description": "Cloud Functions for Firebase",
  "scripts": {
    "serve": "firebase emulators:start --only functions",
    "shell": "firebase functions:shell",
    "start": "npm run shell",
    "deploy": "firebase deploy --only functions",
    "logs": "firebase functions:log"
  },
  "engines": {
    "node": "16"
  },
  "main": "index.js",
  "dependencies": {
    "@faker-js/faker": "^8.3.1",
    "firebase-admin": "^10.0.2",
    "firebase-functions": "^3.18.0"
  },
  "devDependencies": {
    "firebase-functions-test": "^0.2.0"
  },
  "private": true
}
[debug] [2023-12-10T16:35:16.420Z] Building nodejs source
[debug] [2023-12-10T16:35:16.423Z] Could not find functions.yaml. Must use http discovery
[debug] [2023-12-10T16:35:16.712Z] Serving at port 9005

[debug] [2023-12-10T16:35:18.904Z] Got response from /__/functions.yaml {"endpoints":{"onAuthUserCreated":{"platform":"gcfv1","eventTrigger":{"eventType":"providers/firebase.auth/eventTypes/user.create","eventFilters":{"resource":"projects/hungdevjs-warm"},"retry":false},"labels":{},"entryPoint":"onAuthUserCreated"},"sendProposal":{"platform":"gcfv1","labels":{},"callableTrigger":{},"entryPoint":"sendProposal"}},"specVersion":"v1alpha1","requiredAPIs":[]}
[debug] [2023-12-10T16:35:18.908Z] shutdown requested via /__/quitquitquit

[info] ✔  functions: Loaded functions definitions from source: onAuthUserCreated, sendProposal. {"metadata":{"emulator":{"name":"functions"},"message":"Loaded functions definitions from source: onAuthUserCreated, sendProposal."}}
